\BOOKMARK [1][-]{titlepage.1}{\376\377\134\001\227\142}{}% 1
\BOOKMARK [1][-]{cabstract.1}{\376\377\144\130\211\201}{}% 2
\BOOKMARK [1][-]{eabstract.1}{\376\377\000\101\000\142\000\163\000\164\000\162\000\141\000\143\000\164}{}% 3
\BOOKMARK [1][-]{contents.1}{\376\377\166\356\137\125}{}% 4
\BOOKMARK [0][-]{chapter.1}{\376\377\230\171\166\356\116\313\176\315}{}% 5
\BOOKMARK [1][-]{section.1.1}{\376\377\211\306\230\221\000\063\000\104\217\154\122\066\163\260\121\265\123\312\122\115\146\157}{chapter.1}% 6
\BOOKMARK [1][-]{section.1.2}{\376\377\230\171\166\356\200\314\146\157}{chapter.1}% 7
\BOOKMARK [1][-]{section.1.3}{\376\377\230\171\166\356\121\167\117\123\135\345\117\134}{chapter.1}% 8
\BOOKMARK [0][-]{chapter.2}{\376\377\174\373\176\337\213\276\213\241\151\202\217\360}{}% 9
\BOOKMARK [1][-]{section.2.1}{\376\377\211\306\230\221\150\007\154\350\174\373\176\337\145\164\117\123\151\202\217\360}{chapter.2}% 10
\BOOKMARK [1][-]{section.2.2}{\376\377\211\306\230\221\136\047\116\244\116\222\137\017\150\007\154\350\152\041\127\127}{chapter.2}% 11
\BOOKMARK [1][-]{section.2.3}{\376\377\174\373\176\337\121\166\116\326\220\350\122\006\116\313\176\315}{chapter.2}% 12
\BOOKMARK [0][-]{chapter.3}{\376\377\150\007\154\350\152\041\127\213\166\204\213\276\213\241}{}% 13
\BOOKMARK [1][-]{section.3.1}{\376\377\127\372\116\216\211\346\144\170\134\117\166\204\150\007\154\350\152\041\127\213}{chapter.3}% 14
\BOOKMARK [1][-]{section.3.2}{\376\377\122\115\146\157\150\007\154\350\145\271\154\325}{chapter.3}% 15
\BOOKMARK [1][-]{section.3.3}{\376\377\150\007\154\350\116\055\117\177\165\050\166\204\173\227\154\325\173\200\116\313}{chapter.3}% 16
\BOOKMARK [2][-]{subsection.3.3.1}{\376\377\000\107\000\162\000\141\000\160\000\150\000\040\000\103\000\165\000\164\000\163\173\227\154\325}{section.3.3}% 17
\BOOKMARK [2][-]{subsection.3.3.2}{\376\377\000\111\000\156\000\164\000\145\000\154\000\154\000\151\000\147\000\145\000\156\000\164\000\040\000\123\000\143\000\151\000\163\000\163\000\157\000\162\000\163\173\227\154\325}{section.3.3}% 18
\BOOKMARK [0][-]{chapter.4}{\376\377\150\007\154\350\135\345\121\167\166\204\217\157\116\366\152\041\127\213\213\276\213\241}{}% 19
\BOOKMARK [1][-]{section.4.1}{\376\377\227\000\154\102\122\006\147\220\123\312\147\204\136\372\126\376\145\207\150\143}{chapter.4}% 20
\BOOKMARK [2][-]{subsection.4.1.1}{\376\377\145\207\116\366\155\117\211\310\133\120\174\373\176\337}{section.4.1}% 21
\BOOKMARK [2][-]{subsection.4.1.2}{\376\377\165\050\142\067\150\007\154\350\133\120\174\373\176\337}{section.4.1}% 22
\BOOKMARK [2][-]{subsection.4.1.3}{\376\377\172\313\117\123\126\376\120\317\165\037\142\020\133\120\174\373\176\337}{section.4.1}% 23
\BOOKMARK [1][-]{section.4.2}{\376\377\165\050\121\265\122\006\147\220\123\312\165\050\121\265\126\376\145\207\150\143}{chapter.4}% 24
\BOOKMARK [2][-]{subsection.4.2.1}{\376\377\145\207\116\366\155\117\211\310\133\120\174\373\176\337}{section.4.2}% 25
\BOOKMARK [2][-]{subsection.4.2.2}{\376\377\122\115\146\157\150\007\154\350\133\120\174\373\176\337}{section.4.2}% 26
\BOOKMARK [2][-]{subsection.4.2.3}{\376\377\172\313\117\123\126\376\120\317\165\037\142\020\133\120\174\373\176\337}{section.4.2}% 27
\BOOKMARK [1][-]{section.4.3}{\376\377\217\157\116\366\152\041\127\213\140\073\176\323}{chapter.4}% 28
\BOOKMARK [0][-]{appendix*.6}{\376\377\123\302\200\003\145\207\163\056}{}% 29
